{"$message_type":"diagnostic","message":"linking with `cc` failed: exit status: 1","code":null,"level":"error","spans":[],"children":[{"message":" \"cc\" \"-Wl,-exported_symbols_list\" \"-Wl,/var/folders/dk/780mzcw97414w_rrzdwbl4ph0000gn/T/rustcndyikS/list\" \"/var/folders/dk/780mzcw97414w_rrzdwbl4ph0000gn/T/rustcndyikS/symbols.o\" \"<3 object files omitted>\" \"<sysroot>/lib/rustlib/aarch64-apple-darwin/lib/{librustc_std_workspace_core-*,libcore-*,libcompiler_builtins-*}.rlib\" \"-arch\" \"arm64\" \"-mmacosx-version-min=11.0.0\" \"-o\" \"/Users/chaoshex/Projects/seven-layer-symphony/target/package/seven-layer-symphony-0.1.0/target/debug/deps/libseven_layer_symphony.dylib\" \"-Wl,-dead_strip\" \"-dynamiclib\" \"-nodefaultlibs\"","code":null,"level":"note","spans":[],"children":[],"rendered":null},{"message":"some arguments are omitted. use `--verbose` to show all linker arguments","code":null,"level":"note","spans":[],"children":[],"rendered":null},{"message":"Undefined symbols for architecture arm64:\n  \"dyld_stub_binder\", referenced from:\n      <initial-undefines>\nld: symbol(s) not found for architecture arm64\nclang: error: linker command failed with exit code 1 (use -v to see invocation)\n","code":null,"level":"note","spans":[],"children":[],"rendered":null}],"rendered":"\u001b[0m\u001b[1m\u001b[38;5;9merror\u001b[0m\u001b[0m\u001b[1m: linking with `cc` failed: exit status: 1\u001b[0m\n\u001b[0m  \u001b[0m\u001b[0m\u001b[1m\u001b[38;5;12m|\u001b[0m\n\u001b[0m  \u001b[0m\u001b[0m\u001b[1m\u001b[38;5;12m= \u001b[0m\u001b[0m\u001b[1mnote\u001b[0m\u001b[0m:  \"cc\" \"-Wl,-exported_symbols_list\" \"-Wl,/var/folders/dk/780mzcw97414w_rrzdwbl4ph0000gn/T/rustcndyikS/list\" \"/var/folders/dk/780mzcw97414w_rrzdwbl4ph0000gn/T/rustcndyikS/symbols.o\" \"<3 object files omitted>\" \"<sysroot>/lib/rustlib/aarch64-apple-darwin/lib/{librustc_std_workspace_core-*,libcore-*,libcompiler_builtins-*}.rlib\" \"-arch\" \"arm64\" \"-mmacosx-version-min=11.0.0\" \"-o\" \"/Users/chaoshex/Projects/seven-layer-symphony/target/package/seven-layer-symphony-0.1.0/target/debug/deps/libseven_layer_symphony.dylib\" \"-Wl,-dead_strip\" \"-dynamiclib\" \"-nodefaultlibs\"\u001b[0m\n\u001b[0m  \u001b[0m\u001b[0m\u001b[1m\u001b[38;5;12m= \u001b[0m\u001b[0m\u001b[1mnote\u001b[0m\u001b[0m: some arguments are omitted. use `--verbose` to show all linker arguments\u001b[0m\n\u001b[0m  \u001b[0m\u001b[0m\u001b[1m\u001b[38;5;12m= \u001b[0m\u001b[0m\u001b[1mnote\u001b[0m\u001b[0m: Undefined symbols for architecture arm64:\u001b[0m\n\u001b[0m            \"dyld_stub_binder\", referenced from:\u001b[0m\n\u001b[0m                <initial-undefines>\u001b[0m\n\u001b[0m          ld: symbol(s) not found for architecture arm64\u001b[0m\n\u001b[0m          clang: error: linker command failed with exit code 1 (use -v to see invocation)\u001b[0m\n\u001b[0m          \u001b[0m\n\n"}
{"$message_type":"diagnostic","message":"aborting due to 1 previous error","code":null,"level":"error","spans":[],"children":[],"rendered":"\u001b[0m\u001b[1m\u001b[38;5;9merror\u001b[0m\u001b[0m\u001b[1m: aborting due to 1 previous error\u001b[0m\n\n"}
